[2025-05-18T03:45:44.689+0000] {manager.py:487} INFO - Processing files using up to 2 processes at a time 
[2025-05-18T03:45:44.689+0000] {manager.py:488} INFO - Process each file at most once every 30 seconds
[2025-05-18T03:45:44.690+0000] {manager.py:489} INFO - Checking for new files in /opt/airflow/dags every 300 seconds
[2025-05-18T03:45:44.690+0000] {manager.py:755} INFO - Searching for files in /opt/airflow/dags
[2025-05-18T03:45:44.692+0000] {manager.py:758} INFO - There are 1 files in /opt/airflow/dags
[2025-05-18T03:45:44.828+0000] {manager.py:887} INFO - 
================================================================================
DAG File Processing Stats

File Path                       PID  Runtime      # DAGs    # Errors  Last Runtime    Last Run
----------------------------  -----  ---------  --------  ----------  --------------  ----------
/opt/airflow/dags/elt_dag.py     28  0.01s             0           0
================================================================================
[2025-05-18T03:46:15.059+0000] {manager.py:887} INFO - 
================================================================================
DAG File Processing Stats

File Path                       PID  Runtime      # DAGs    # Errors  Last Runtime    Last Run
----------------------------  -----  ---------  --------  ----------  --------------  -------------------
/opt/airflow/dags/elt_dag.py     29  0.01s             1           0  0.21s           2025-05-18T03:45:45
================================================================================
[2025-05-18T03:46:45.280+0000] {manager.py:887} INFO - 
================================================================================
DAG File Processing Stats

File Path                       PID  Runtime      # DAGs    # Errors  Last Runtime    Last Run
----------------------------  -----  ---------  --------  ----------  --------------  -------------------
/opt/airflow/dags/elt_dag.py     30  0.00s             1           0  0.08s           2025-05-18T03:46:15
================================================================================
[2025-05-18T03:47:15.564+0000] {manager.py:887} INFO - 
================================================================================
DAG File Processing Stats

File Path                       PID  Runtime      # DAGs    # Errors  Last Runtime    Last Run
----------------------------  -----  ---------  --------  ----------  --------------  -------------------
/opt/airflow/dags/elt_dag.py     31  0.01s             1           0  0.07s           2025-05-18T03:46:45
================================================================================
[2025-05-18T03:47:45.781+0000] {manager.py:887} INFO - 
================================================================================
DAG File Processing Stats

File Path                       PID  Runtime      # DAGs    # Errors  Last Runtime    Last Run
----------------------------  -----  ---------  --------  ----------  --------------  -------------------
/opt/airflow/dags/elt_dag.py     32  0.00s             1           0  0.08s           2025-05-18T03:47:15
================================================================================
[2025-05-18T03:48:16.012+0000] {manager.py:887} INFO - 
================================================================================
DAG File Processing Stats

File Path                       PID  Runtime      # DAGs    # Errors  Last Runtime    Last Run
----------------------------  -----  ---------  --------  ----------  --------------  -------------------
/opt/airflow/dags/elt_dag.py     33  0.01s             1           0  0.08s           2025-05-18T03:47:45
================================================================================
[2025-05-18T03:48:46.277+0000] {manager.py:887} INFO - 
================================================================================
DAG File Processing Stats

File Path                       PID  Runtime      # DAGs    # Errors  Last Runtime    Last Run
----------------------------  -----  ---------  --------  ----------  --------------  -------------------
/opt/airflow/dags/elt_dag.py     34  0.01s             1           0  0.10s           2025-05-18T03:48:16
================================================================================
[2025-05-18T03:49:16.584+0000] {manager.py:887} INFO - 
================================================================================
DAG File Processing Stats

File Path                       PID  Runtime      # DAGs    # Errors  Last Runtime    Last Run
----------------------------  -----  ---------  --------  ----------  --------------  -------------------
/opt/airflow/dags/elt_dag.py     35  0.01s             1           0  0.13s           2025-05-18T03:48:46
================================================================================
[2025-05-18T03:49:46.906+0000] {manager.py:887} INFO - 
================================================================================
DAG File Processing Stats

File Path                       PID  Runtime      # DAGs    # Errors  Last Runtime    Last Run
----------------------------  -----  ---------  --------  ----------  --------------  -------------------
/opt/airflow/dags/elt_dag.py     36  0.01s             1           0  0.11s           2025-05-18T03:49:16
================================================================================
[2025-05-18T03:50:17.211+0000] {manager.py:887} INFO - 
================================================================================
DAG File Processing Stats

File Path                       PID  Runtime      # DAGs    # Errors  Last Runtime    Last Run
----------------------------  -----  ---------  --------  ----------  --------------  -------------------
/opt/airflow/dags/elt_dag.py     37  0.03s             1           0  0.19s           2025-05-18T03:49:47
================================================================================
[2025-05-18T03:50:45.504+0000] {manager.py:755} INFO - Searching for files in /opt/airflow/dags
[2025-05-18T03:50:45.508+0000] {manager.py:758} INFO - There are 1 files in /opt/airflow/dags
[2025-05-18T03:50:47.537+0000] {manager.py:887} INFO - 
================================================================================
DAG File Processing Stats

File Path                       PID  Runtime      # DAGs    # Errors  Last Runtime    Last Run
----------------------------  -----  ---------  --------  ----------  --------------  -------------------
/opt/airflow/dags/elt_dag.py     38  0.01s             1           0  0.28s           2025-05-18T03:50:17
================================================================================
[2025-05-18T03:51:17.863+0000] {manager.py:887} INFO - 
================================================================================
DAG File Processing Stats

File Path                       PID  Runtime      # DAGs    # Errors  Last Runtime    Last Run
----------------------------  -----  ---------  --------  ----------  --------------  -------------------
/opt/airflow/dags/elt_dag.py     39  0.01s             1           0  0.20s           2025-05-18T03:50:47
================================================================================
[2025-05-18T03:51:48.183+0000] {manager.py:887} INFO - 
================================================================================
DAG File Processing Stats

File Path                       PID  Runtime      # DAGs    # Errors  Last Runtime    Last Run
----------------------------  -----  ---------  --------  ----------  --------------  -------------------
/opt/airflow/dags/elt_dag.py     40  0.01s             1           0  0.15s           2025-05-18T03:51:18
================================================================================
[2025-05-18T03:52:18.549+0000] {manager.py:887} INFO - 
================================================================================
DAG File Processing Stats

File Path                       PID  Runtime      # DAGs    # Errors  Last Runtime    Last Run
----------------------------  -----  ---------  --------  ----------  --------------  -------------------
/opt/airflow/dags/elt_dag.py     41  0.01s             1           0  0.23s           2025-05-18T03:51:48
================================================================================
[2025-05-18T03:52:48.825+0000] {manager.py:887} INFO - 
================================================================================
DAG File Processing Stats

File Path                       PID  Runtime      # DAGs    # Errors  Last Runtime    Last Run
----------------------------  -----  ---------  --------  ----------  --------------  -------------------
/opt/airflow/dags/elt_dag.py     42  0.01s             1           0  0.11s           2025-05-18T03:52:18
================================================================================
[2025-05-18T03:53:19.078+0000] {manager.py:887} INFO - 
================================================================================
DAG File Processing Stats

File Path                       PID  Runtime      # DAGs    # Errors  Last Runtime    Last Run
----------------------------  -----  ---------  --------  ----------  --------------  -------------------
/opt/airflow/dags/elt_dag.py     43  0.01s             1           0  0.09s           2025-05-18T03:52:48
================================================================================
[2025-05-18T03:53:49.533+0000] {manager.py:887} INFO - 
================================================================================
DAG File Processing Stats

File Path                       PID  Runtime      # DAGs    # Errors  Last Runtime    Last Run
----------------------------  -----  ---------  --------  ----------  --------------  -------------------
/opt/airflow/dags/elt_dag.py     44  0.01s             1           0  0.10s           2025-05-18T03:53:19
================================================================================
[2025-05-18T03:54:20.143+0000] {manager.py:887} INFO - 
================================================================================
DAG File Processing Stats

File Path                       PID  Runtime      # DAGs    # Errors  Last Runtime    Last Run
----------------------------  -----  ---------  --------  ----------  --------------  -------------------
/opt/airflow/dags/elt_dag.py     45  0.01s             1           0  0.13s           2025-05-18T03:53:49
================================================================================
[2025-05-18T03:54:50.402+0000] {manager.py:887} INFO - 
================================================================================
DAG File Processing Stats

File Path                       PID  Runtime      # DAGs    # Errors  Last Runtime    Last Run
----------------------------  -----  ---------  --------  ----------  --------------  -------------------
/opt/airflow/dags/elt_dag.py     46  0.02s             1           0  0.08s           2025-05-18T03:54:20
================================================================================
[2025-05-18T03:55:20.639+0000] {manager.py:887} INFO - 
================================================================================
DAG File Processing Stats

File Path                       PID  Runtime      # DAGs    # Errors  Last Runtime    Last Run
----------------------------  -----  ---------  --------  ----------  --------------  -------------------
/opt/airflow/dags/elt_dag.py     47  0.01s             1           0  0.13s           2025-05-18T03:54:50
================================================================================
[2025-05-18T03:55:45.887+0000] {manager.py:755} INFO - Searching for files in /opt/airflow/dags
[2025-05-18T03:55:45.891+0000] {manager.py:758} INFO - There are 1 files in /opt/airflow/dags
[2025-05-18T03:55:51.038+0000] {manager.py:887} INFO - 
================================================================================
DAG File Processing Stats

File Path                       PID  Runtime      # DAGs    # Errors  Last Runtime    Last Run
----------------------------  -----  ---------  --------  ----------  --------------  -------------------
/opt/airflow/dags/elt_dag.py     59  0.05s             1           0  0.08s           2025-05-18T03:55:20
================================================================================
[2025-05-18T03:56:21.242+0000] {manager.py:887} INFO - 
================================================================================
DAG File Processing Stats

File Path                       PID  Runtime      # DAGs    # Errors  Last Runtime    Last Run
----------------------------  -----  ---------  --------  ----------  --------------  -------------------
/opt/airflow/dags/elt_dag.py     60  0.01s             1           0  0.17s           2025-05-18T03:55:51
================================================================================
[2025-05-18T03:56:51.590+0000] {manager.py:887} INFO - 
================================================================================
DAG File Processing Stats

File Path                       PID  Runtime      # DAGs    # Errors  Last Runtime    Last Run
----------------------------  -----  ---------  --------  ----------  --------------  -------------------
/opt/airflow/dags/elt_dag.py     61  0.03s             1           0  0.10s           2025-05-18T03:56:21
================================================================================
[2025-05-18T03:57:22.439+0000] {manager.py:887} INFO - 
================================================================================
DAG File Processing Stats

File Path                       PID  Runtime      # DAGs    # Errors  Last Runtime    Last Run
----------------------------  -----  ---------  --------  ----------  --------------  -------------------
/opt/airflow/dags/elt_dag.py     62  0.01s             1           0  0.23s           2025-05-18T03:56:51
================================================================================
[2025-05-18T03:57:52.692+0000] {manager.py:887} INFO - 
================================================================================
DAG File Processing Stats

File Path                       PID  Runtime      # DAGs    # Errors  Last Runtime    Last Run
----------------------------  -----  ---------  --------  ----------  --------------  -------------------
/opt/airflow/dags/elt_dag.py     63  0.02s             1           0  0.10s           2025-05-18T03:57:22
================================================================================
[2025-05-18T03:58:23.086+0000] {manager.py:887} INFO - 
================================================================================
DAG File Processing Stats

File Path                       PID  Runtime      # DAGs    # Errors  Last Runtime    Last Run
----------------------------  -----  ---------  --------  ----------  --------------  -------------------
/opt/airflow/dags/elt_dag.py     64  0.02s             1           0  0.12s           2025-05-18T03:57:52
================================================================================
[2025-05-18T03:58:53.495+0000] {manager.py:887} INFO - 
================================================================================
DAG File Processing Stats

File Path                       PID  Runtime      # DAGs    # Errors  Last Runtime    Last Run
----------------------------  -----  ---------  --------  ----------  --------------  -------------------
/opt/airflow/dags/elt_dag.py     65  0.03s             1           0  0.17s           2025-05-18T03:58:23
================================================================================
[2025-05-18T03:59:23.760+0000] {manager.py:887} INFO - 
================================================================================
DAG File Processing Stats

File Path                       PID  Runtime      # DAGs    # Errors  Last Runtime    Last Run
----------------------------  -----  ---------  --------  ----------  --------------  -------------------
/opt/airflow/dags/elt_dag.py     66  0.01s             1           0  0.15s           2025-05-18T03:58:53
================================================================================
[2025-05-18T03:59:54.058+0000] {manager.py:887} INFO - 
================================================================================
DAG File Processing Stats

File Path                       PID  Runtime      # DAGs    # Errors  Last Runtime    Last Run
----------------------------  -----  ---------  --------  ----------  --------------  -------------------
/opt/airflow/dags/elt_dag.py     67  0.02s             1           0  0.09s           2025-05-18T03:59:23
================================================================================
[2025-05-18T04:00:24.295+0000] {manager.py:887} INFO - 
================================================================================
DAG File Processing Stats

File Path                       PID  Runtime      # DAGs    # Errors  Last Runtime    Last Run
----------------------------  -----  ---------  --------  ----------  --------------  -------------------
/opt/airflow/dags/elt_dag.py     68  0.01s             1           0  0.16s           2025-05-18T03:59:54
================================================================================
[2025-05-18T04:00:46.503+0000] {manager.py:755} INFO - Searching for files in /opt/airflow/dags
[2025-05-18T04:00:46.508+0000] {manager.py:758} INFO - There are 1 files in /opt/airflow/dags
[2025-05-18T04:00:54.614+0000] {manager.py:887} INFO - 
================================================================================
DAG File Processing Stats

File Path                       PID  Runtime      # DAGs    # Errors  Last Runtime    Last Run
----------------------------  -----  ---------  --------  ----------  --------------  -------------------
/opt/airflow/dags/elt_dag.py     69  0.03s             1           0  0.12s           2025-05-18T04:00:24
================================================================================
[2025-05-18T04:01:24.877+0000] {manager.py:887} INFO - 
================================================================================
DAG File Processing Stats

File Path                       PID  Runtime      # DAGs    # Errors  Last Runtime    Last Run
----------------------------  -----  ---------  --------  ----------  --------------  -------------------
/opt/airflow/dags/elt_dag.py     70  0.01s             1           0  0.12s           2025-05-18T04:00:54
================================================================================
[2025-05-18T04:01:55.110+0000] {manager.py:887} INFO - 
================================================================================
DAG File Processing Stats

File Path                       PID  Runtime      # DAGs    # Errors  Last Runtime    Last Run
----------------------------  -----  ---------  --------  ----------  --------------  -------------------
/opt/airflow/dags/elt_dag.py     71  0.02s             1           0  0.10s           2025-05-18T04:01:24
================================================================================
[2025-05-18T04:02:25.328+0000] {manager.py:887} INFO - 
================================================================================
DAG File Processing Stats

File Path                       PID  Runtime      # DAGs    # Errors  Last Runtime    Last Run
----------------------------  -----  ---------  --------  ----------  --------------  -------------------
/opt/airflow/dags/elt_dag.py     72  0.01s             1           0  0.12s           2025-05-18T04:01:55
================================================================================
[2025-05-18T04:02:55.584+0000] {manager.py:887} INFO - 
================================================================================
DAG File Processing Stats

File Path                       PID  Runtime      # DAGs    # Errors  Last Runtime    Last Run
----------------------------  -----  ---------  --------  ----------  --------------  -------------------
/opt/airflow/dags/elt_dag.py     73  0.02s             1           0  0.11s           2025-05-18T04:02:25
================================================================================
[2025-05-18T04:03:25.813+0000] {manager.py:887} INFO - 
================================================================================
DAG File Processing Stats

File Path                       PID  Runtime      # DAGs    # Errors  Last Runtime    Last Run
----------------------------  -----  ---------  --------  ----------  --------------  -------------------
/opt/airflow/dags/elt_dag.py     74  0.01s             1           0  0.13s           2025-05-18T04:02:55
================================================================================
[2025-05-18T04:03:56.045+0000] {manager.py:887} INFO - 
================================================================================
DAG File Processing Stats

File Path                       PID  Runtime      # DAGs    # Errors  Last Runtime    Last Run
----------------------------  -----  ---------  --------  ----------  --------------  -------------------
/opt/airflow/dags/elt_dag.py     75  0.02s             1           0  0.08s           2025-05-18T04:03:25
================================================================================
[2025-05-18T04:04:26.330+0000] {manager.py:887} INFO - 
================================================================================
DAG File Processing Stats

File Path                       PID  Runtime      # DAGs    # Errors  Last Runtime    Last Run
----------------------------  -----  ---------  --------  ----------  --------------  -------------------
/opt/airflow/dags/elt_dag.py     76  0.01s             1           0  0.10s           2025-05-18T04:03:56
================================================================================
[2025-05-18T04:04:56.573+0000] {manager.py:887} INFO - 
================================================================================
DAG File Processing Stats

File Path                       PID  Runtime      # DAGs    # Errors  Last Runtime    Last Run
----------------------------  -----  ---------  --------  ----------  --------------  -------------------
/opt/airflow/dags/elt_dag.py     77  0.01s             1           0  0.08s           2025-05-18T04:04:26
================================================================================
[2025-05-18T04:05:26.847+0000] {manager.py:887} INFO - 
================================================================================
DAG File Processing Stats

File Path                       PID  Runtime      # DAGs    # Errors  Last Runtime    Last Run
----------------------------  -----  ---------  --------  ----------  --------------  -------------------
/opt/airflow/dags/elt_dag.py     78  0.01s             1           0  0.19s           2025-05-18T04:04:56
================================================================================
[2025-05-18T04:05:47.090+0000] {manager.py:755} INFO - Searching for files in /opt/airflow/dags
[2025-05-18T04:05:47.095+0000] {manager.py:758} INFO - There are 1 files in /opt/airflow/dags
[2025-05-18T04:05:57.211+0000] {manager.py:887} INFO - 
================================================================================
DAG File Processing Stats

File Path                       PID  Runtime      # DAGs    # Errors  Last Runtime    Last Run
----------------------------  -----  ---------  --------  ----------  --------------  -------------------
/opt/airflow/dags/elt_dag.py     79  0.02s             1           0  0.11s           2025-05-18T04:05:26
================================================================================
[2025-05-18T04:06:27.439+0000] {manager.py:887} INFO - 
================================================================================
DAG File Processing Stats

File Path                       PID  Runtime      # DAGs    # Errors  Last Runtime    Last Run
----------------------------  -----  ---------  --------  ----------  --------------  -------------------
/opt/airflow/dags/elt_dag.py     80  0.01s             1           0  0.12s           2025-05-18T04:05:57
================================================================================
[2025-05-18T04:06:57.764+0000] {manager.py:887} INFO - 
================================================================================
DAG File Processing Stats

File Path                       PID  Runtime      # DAGs    # Errors  Last Runtime    Last Run
----------------------------  -----  ---------  --------  ----------  --------------  -------------------
/opt/airflow/dags/elt_dag.py     81  0.01s             1           0  0.15s           2025-05-18T04:06:27
================================================================================
[2025-05-18T04:07:28.003+0000] {manager.py:887} INFO - 
================================================================================
DAG File Processing Stats

File Path                       PID  Runtime      # DAGs    # Errors  Last Runtime    Last Run
----------------------------  -----  ---------  --------  ----------  --------------  -------------------
/opt/airflow/dags/elt_dag.py     82  0.01s             1           0  0.11s           2025-05-18T04:06:57
================================================================================
[2025-05-18T04:07:58.269+0000] {manager.py:887} INFO - 
================================================================================
DAG File Processing Stats

File Path                       PID  Runtime      # DAGs    # Errors  Last Runtime    Last Run
----------------------------  -----  ---------  --------  ----------  --------------  -------------------
/opt/airflow/dags/elt_dag.py     83  0.02s             1           0  0.10s           2025-05-18T04:07:28
================================================================================
[2025-05-18T04:08:28.508+0000] {manager.py:887} INFO - 
================================================================================
DAG File Processing Stats

File Path                       PID  Runtime      # DAGs    # Errors  Last Runtime    Last Run
----------------------------  -----  ---------  --------  ----------  --------------  -------------------
/opt/airflow/dags/elt_dag.py     84  0.01s             1           0  0.10s           2025-05-18T04:07:58
================================================================================
[2025-05-18T04:08:58.721+0000] {manager.py:887} INFO - 
================================================================================
DAG File Processing Stats

File Path                       PID  Runtime      # DAGs    # Errors  Last Runtime    Last Run
----------------------------  -----  ---------  --------  ----------  --------------  -------------------
/opt/airflow/dags/elt_dag.py     85  0.01s             1           0  0.10s           2025-05-18T04:08:28
================================================================================
[2025-05-18T04:09:29.201+0000] {manager.py:887} INFO - 
================================================================================
DAG File Processing Stats

File Path                       PID  Runtime      # DAGs    # Errors  Last Runtime    Last Run
----------------------------  -----  ---------  --------  ----------  --------------  -------------------
/opt/airflow/dags/elt_dag.py     86  0.03s             1           0  0.12s           2025-05-18T04:08:58
================================================================================
[2025-05-18T04:09:59.783+0000] {manager.py:887} INFO - 
================================================================================
DAG File Processing Stats

File Path                       PID  Runtime      # DAGs    # Errors  Last Runtime    Last Run
----------------------------  -----  ---------  --------  ----------  --------------  -------------------
/opt/airflow/dags/elt_dag.py     87  0.01s             1           0  0.12s           2025-05-18T04:09:29
================================================================================
[2025-05-18T04:10:30.068+0000] {manager.py:887} INFO - 
================================================================================
DAG File Processing Stats

File Path                       PID  Runtime      # DAGs    # Errors  Last Runtime    Last Run
----------------------------  -----  ---------  --------  ----------  --------------  -------------------
/opt/airflow/dags/elt_dag.py     88  0.01s             1           0  0.10s           2025-05-18T04:09:59
================================================================================
[2025-05-18T04:10:47.204+0000] {manager.py:755} INFO - Searching for files in /opt/airflow/dags
[2025-05-18T04:10:47.224+0000] {manager.py:758} INFO - There are 1 files in /opt/airflow/dags
[2025-05-18T04:11:00.589+0000] {manager.py:887} INFO - 
================================================================================
DAG File Processing Stats

File Path                       PID  Runtime      # DAGs    # Errors  Last Runtime    Last Run
----------------------------  -----  ---------  --------  ----------  --------------  -------------------
/opt/airflow/dags/elt_dag.py     89  0.01s             1           0  0.10s           2025-05-18T04:10:30
================================================================================
[2025-05-18T04:11:30.808+0000] {manager.py:887} INFO - 
================================================================================
DAG File Processing Stats

File Path                       PID  Runtime      # DAGs    # Errors  Last Runtime    Last Run
----------------------------  -----  ---------  --------  ----------  --------------  -------------------
/opt/airflow/dags/elt_dag.py     90  0.01s             1           0  0.10s           2025-05-18T04:11:00
================================================================================
[2025-05-18T04:12:01.482+0000] {manager.py:887} INFO - 
================================================================================
DAG File Processing Stats

File Path                       PID  Runtime      # DAGs    # Errors  Last Runtime    Last Run
----------------------------  -----  ---------  --------  ----------  --------------  -------------------
/opt/airflow/dags/elt_dag.py     91  0.01s             1           0  0.13s           2025-05-18T04:11:30
================================================================================
[2025-05-18T04:12:31.718+0000] {manager.py:887} INFO - 
================================================================================
DAG File Processing Stats

File Path                       PID  Runtime      # DAGs    # Errors  Last Runtime    Last Run
----------------------------  -----  ---------  --------  ----------  --------------  -------------------
/opt/airflow/dags/elt_dag.py     92  0.01s             1           0  0.16s           2025-05-18T04:12:01
================================================================================
[2025-05-18T04:13:02.039+0000] {manager.py:887} INFO - 
================================================================================
DAG File Processing Stats

File Path                       PID  Runtime      # DAGs    # Errors  Last Runtime    Last Run
----------------------------  -----  ---------  --------  ----------  --------------  -------------------
/opt/airflow/dags/elt_dag.py     93  0.01s             1           0  0.16s           2025-05-18T04:12:31
================================================================================
[2025-05-18T04:13:32.266+0000] {manager.py:887} INFO - 
================================================================================
DAG File Processing Stats

File Path                     PID    Runtime      # DAGs    # Errors  Last Runtime    Last Run
----------------------------  -----  ---------  --------  ----------  --------------  -------------------
/opt/airflow/dags/elt_dag.py                           1           0  0.30s           2025-05-18T04:13:02
================================================================================
[2025-05-18T04:14:02.320+0000] {manager.py:887} INFO - 
================================================================================
DAG File Processing Stats

File Path                     PID    Runtime      # DAGs    # Errors  Last Runtime    Last Run
----------------------------  -----  ---------  --------  ----------  --------------  -------------------
/opt/airflow/dags/elt_dag.py                           1           0  0.13s           2025-05-18T04:13:32
================================================================================
[2025-05-18T04:14:32.549+0000] {manager.py:887} INFO - 
================================================================================
DAG File Processing Stats

File Path                     PID    Runtime      # DAGs    # Errors  Last Runtime    Last Run
----------------------------  -----  ---------  --------  ----------  --------------  -------------------
/opt/airflow/dags/elt_dag.py                           1           0  0.09s           2025-05-18T04:14:03
================================================================================
[2025-05-18T04:15:02.840+0000] {manager.py:887} INFO - 
================================================================================
DAG File Processing Stats

File Path                     PID    Runtime      # DAGs    # Errors  Last Runtime    Last Run
----------------------------  -----  ---------  --------  ----------  --------------  -------------------
/opt/airflow/dags/elt_dag.py                           1           0  0.12s           2025-05-18T04:14:33
================================================================================
[2025-05-18T04:15:33.109+0000] {manager.py:887} INFO - 
================================================================================
DAG File Processing Stats

File Path                     PID    Runtime      # DAGs    # Errors  Last Runtime    Last Run
----------------------------  -----  ---------  --------  ----------  --------------  -------------------
/opt/airflow/dags/elt_dag.py                           1           0  0.10s           2025-05-18T04:15:03
================================================================================
[2025-05-18T04:15:47.249+0000] {manager.py:755} INFO - Searching for files in /opt/airflow/dags
[2025-05-18T04:15:47.256+0000] {manager.py:758} INFO - There are 1 files in /opt/airflow/dags
[2025-05-18T04:16:03.524+0000] {manager.py:887} INFO - 
================================================================================
DAG File Processing Stats

File Path                     PID    Runtime      # DAGs    # Errors  Last Runtime    Last Run
----------------------------  -----  ---------  --------  ----------  --------------  -------------------
/opt/airflow/dags/elt_dag.py                           1           0  0.10s           2025-05-18T04:15:34
================================================================================
[2025-05-18T04:16:33.730+0000] {manager.py:887} INFO - 
================================================================================
DAG File Processing Stats

File Path                     PID    Runtime      # DAGs    # Errors  Last Runtime    Last Run
----------------------------  -----  ---------  --------  ----------  --------------  -------------------
/opt/airflow/dags/elt_dag.py                           1           0  0.10s           2025-05-18T04:16:04
================================================================================
[2025-05-18T04:17:03.942+0000] {manager.py:887} INFO - 
================================================================================
DAG File Processing Stats

File Path                     PID    Runtime      # DAGs    # Errors  Last Runtime    Last Run
----------------------------  -----  ---------  --------  ----------  --------------  -------------------
/opt/airflow/dags/elt_dag.py                           1           0  0.11s           2025-05-18T04:16:34
================================================================================
[2025-05-18T04:17:34.232+0000] {manager.py:887} INFO - 
================================================================================
DAG File Processing Stats

File Path                     PID    Runtime      # DAGs    # Errors  Last Runtime    Last Run
----------------------------  -----  ---------  --------  ----------  --------------  -------------------
/opt/airflow/dags/elt_dag.py                           1           0  0.12s           2025-05-18T04:17:05
================================================================================
[2025-05-18T04:17:43.111+0000] {manager.py:469} INFO - Exiting gracefully upon receiving signal 15
[2025-05-18T04:18:07.764+0000] {manager.py:487} INFO - Processing files using up to 2 processes at a time 
[2025-05-18T04:18:07.764+0000] {manager.py:488} INFO - Process each file at most once every 30 seconds
[2025-05-18T04:18:07.764+0000] {manager.py:489} INFO - Checking for new files in /opt/airflow/dags every 300 seconds
[2025-05-18T04:18:07.765+0000] {manager.py:755} INFO - Searching for files in /opt/airflow/dags
[2025-05-18T04:18:07.768+0000] {manager.py:758} INFO - There are 1 files in /opt/airflow/dags
[2025-05-18T04:18:07.952+0000] {manager.py:887} INFO - 
================================================================================
DAG File Processing Stats

File Path                       PID  Runtime      # DAGs    # Errors  Last Runtime    Last Run
----------------------------  -----  ---------  --------  ----------  --------------  ----------
/opt/airflow/dags/elt_dag.py     28  0.02s             0           0
================================================================================
[2025-05-18T04:18:38.220+0000] {manager.py:887} INFO - 
================================================================================
DAG File Processing Stats

File Path                       PID  Runtime      # DAGs    # Errors  Last Runtime    Last Run
----------------------------  -----  ---------  --------  ----------  --------------  -------------------
/opt/airflow/dags/elt_dag.py     29  0.00s             1           0  0.19s           2025-05-18T04:18:08
================================================================================
[2025-05-18T04:19:08.809+0000] {manager.py:887} INFO - 
================================================================================
DAG File Processing Stats

File Path                       PID  Runtime      # DAGs    # Errors  Last Runtime    Last Run
----------------------------  -----  ---------  --------  ----------  --------------  -------------------
/opt/airflow/dags/elt_dag.py     30  0.02s             1           0  0.33s           2025-05-18T04:18:38
================================================================================
[2025-05-18T04:19:38.993+0000] {manager.py:887} INFO - 
================================================================================
DAG File Processing Stats

File Path                       PID  Runtime      # DAGs    # Errors  Last Runtime    Last Run
----------------------------  -----  ---------  --------  ----------  --------------  -------------------
/opt/airflow/dags/elt_dag.py     55  0.01s             1           0  0.13s           2025-05-18T04:19:08
================================================================================
[2025-05-18T04:20:09.258+0000] {manager.py:887} INFO - 
================================================================================
DAG File Processing Stats

File Path                       PID  Runtime      # DAGs    # Errors  Last Runtime    Last Run
----------------------------  -----  ---------  --------  ----------  --------------  -------------------
/opt/airflow/dags/elt_dag.py     56  0.01s             1           0  0.08s           2025-05-18T04:19:39
================================================================================
[2025-05-18T04:20:39.708+0000] {manager.py:887} INFO - 
================================================================================
DAG File Processing Stats

File Path                       PID  Runtime      # DAGs    # Errors  Last Runtime    Last Run
----------------------------  -----  ---------  --------  ----------  --------------  -------------------
/opt/airflow/dags/elt_dag.py     57  0.06s             1           0  0.08s           2025-05-18T04:20:09
================================================================================
[2025-05-18T04:21:10.060+0000] {manager.py:887} INFO - 
================================================================================
DAG File Processing Stats

File Path                       PID  Runtime      # DAGs    # Errors  Last Runtime    Last Run
----------------------------  -----  ---------  --------  ----------  --------------  -------------------
/opt/airflow/dags/elt_dag.py     58  0.02s             1           0  0.37s           2025-05-18T04:20:40
================================================================================
[2025-05-18T04:21:40.287+0000] {manager.py:887} INFO - 
================================================================================
DAG File Processing Stats

File Path                       PID  Runtime      # DAGs    # Errors  Last Runtime    Last Run
----------------------------  -----  ---------  --------  ----------  --------------  -------------------
/opt/airflow/dags/elt_dag.py     59  0.01s             1           0  0.13s           2025-05-18T04:21:10
================================================================================
[2025-05-18T04:22:10.586+0000] {manager.py:887} INFO - 
================================================================================
DAG File Processing Stats

File Path                       PID  Runtime      # DAGs    # Errors  Last Runtime    Last Run
----------------------------  -----  ---------  --------  ----------  --------------  -------------------
/opt/airflow/dags/elt_dag.py     60  0.01s             1           0  0.09s           2025-05-18T04:21:40
================================================================================
[2025-05-18T04:22:40.869+0000] {manager.py:887} INFO - 
================================================================================
DAG File Processing Stats

File Path                       PID  Runtime      # DAGs    # Errors  Last Runtime    Last Run
----------------------------  -----  ---------  --------  ----------  --------------  -------------------
/opt/airflow/dags/elt_dag.py     61  0.01s             1           0  0.14s           2025-05-18T04:22:10
================================================================================
[2025-05-18T04:23:08.084+0000] {manager.py:755} INFO - Searching for files in /opt/airflow/dags
[2025-05-18T04:23:08.091+0000] {manager.py:758} INFO - There are 1 files in /opt/airflow/dags
[2025-05-18T04:23:11.154+0000] {manager.py:887} INFO - 
================================================================================
DAG File Processing Stats

File Path                       PID  Runtime      # DAGs    # Errors  Last Runtime    Last Run
----------------------------  -----  ---------  --------  ----------  --------------  -------------------
/opt/airflow/dags/elt_dag.py     62  0.01s             1           0  0.13s           2025-05-18T04:22:40
================================================================================
[2025-05-18T04:23:41.376+0000] {manager.py:887} INFO - 
================================================================================
DAG File Processing Stats

File Path                       PID  Runtime      # DAGs    # Errors  Last Runtime    Last Run
----------------------------  -----  ---------  --------  ----------  --------------  -------------------
/opt/airflow/dags/elt_dag.py     63  0.01s             1           0  0.11s           2025-05-18T04:23:11
================================================================================
[2025-05-18T04:24:11.606+0000] {manager.py:887} INFO - 
================================================================================
DAG File Processing Stats

File Path                       PID  Runtime      # DAGs    # Errors  Last Runtime    Last Run
----------------------------  -----  ---------  --------  ----------  --------------  -------------------
/opt/airflow/dags/elt_dag.py     64  0.01s             1           0  0.09s           2025-05-18T04:23:41
================================================================================
[2025-05-18T04:24:41.847+0000] {manager.py:887} INFO - 
================================================================================
DAG File Processing Stats

File Path                       PID  Runtime      # DAGs    # Errors  Last Runtime    Last Run
----------------------------  -----  ---------  --------  ----------  --------------  -------------------
/opt/airflow/dags/elt_dag.py     65  0.01s             1           0  0.08s           2025-05-18T04:24:11
================================================================================
[2025-05-18T04:25:12.161+0000] {manager.py:887} INFO - 
================================================================================
DAG File Processing Stats

File Path                       PID  Runtime      # DAGs    # Errors  Last Runtime    Last Run
----------------------------  -----  ---------  --------  ----------  --------------  -------------------
/opt/airflow/dags/elt_dag.py     66  0.01s             1           0  0.11s           2025-05-18T04:24:41
================================================================================
[2025-05-18T04:25:42.393+0000] {manager.py:887} INFO - 
================================================================================
DAG File Processing Stats

File Path                       PID  Runtime      # DAGs    # Errors  Last Runtime    Last Run
----------------------------  -----  ---------  --------  ----------  --------------  -------------------
/opt/airflow/dags/elt_dag.py     67  0.01s             1           0  0.09s           2025-05-18T04:25:12
================================================================================
[2025-05-18T04:26:12.657+0000] {manager.py:887} INFO - 
================================================================================
DAG File Processing Stats

File Path                       PID  Runtime      # DAGs    # Errors  Last Runtime    Last Run
----------------------------  -----  ---------  --------  ----------  --------------  -------------------
/opt/airflow/dags/elt_dag.py     68  0.01s             1           0  0.12s           2025-05-18T04:25:42
================================================================================
[2025-05-18T04:26:42.880+0000] {manager.py:887} INFO - 
================================================================================
DAG File Processing Stats

File Path                       PID  Runtime      # DAGs    # Errors  Last Runtime    Last Run
----------------------------  -----  ---------  --------  ----------  --------------  -------------------
/opt/airflow/dags/elt_dag.py     69  0.01s             1           0  0.10s           2025-05-18T04:26:12
================================================================================
[2025-05-18T04:27:13.150+0000] {manager.py:887} INFO - 
================================================================================
DAG File Processing Stats

File Path                       PID  Runtime      # DAGs    # Errors  Last Runtime    Last Run
----------------------------  -----  ---------  --------  ----------  --------------  -------------------
/opt/airflow/dags/elt_dag.py     70  0.01s             1           0  0.11s           2025-05-18T04:26:42
================================================================================
[2025-05-18T04:27:43.432+0000] {manager.py:887} INFO - 
================================================================================
DAG File Processing Stats

File Path                       PID  Runtime      # DAGs    # Errors  Last Runtime    Last Run
----------------------------  -----  ---------  --------  ----------  --------------  -------------------
/opt/airflow/dags/elt_dag.py     71  0.01s             1           0  0.12s           2025-05-18T04:27:13
================================================================================
[2025-05-18T04:28:08.146+0000] {manager.py:755} INFO - Searching for files in /opt/airflow/dags
[2025-05-18T04:28:08.151+0000] {manager.py:758} INFO - There are 1 files in /opt/airflow/dags
[2025-05-18T04:28:14.225+0000] {manager.py:887} INFO - 
================================================================================
DAG File Processing Stats

File Path                       PID  Runtime      # DAGs    # Errors  Last Runtime    Last Run
----------------------------  -----  ---------  --------  ----------  --------------  -------------------
/opt/airflow/dags/elt_dag.py     72  0.01s             1           0  0.09s           2025-05-18T04:27:43
================================================================================
[2025-05-18T04:28:44.444+0000] {manager.py:887} INFO - 
================================================================================
DAG File Processing Stats

File Path                       PID  Runtime      # DAGs    # Errors  Last Runtime    Last Run
----------------------------  -----  ---------  --------  ----------  --------------  -------------------
/opt/airflow/dags/elt_dag.py     73  0.02s             1           0  0.13s           2025-05-18T04:28:14
================================================================================
[2025-05-18T04:29:14.770+0000] {manager.py:887} INFO - 
================================================================================
DAG File Processing Stats

File Path                       PID  Runtime      # DAGs    # Errors  Last Runtime    Last Run
----------------------------  -----  ---------  --------  ----------  --------------  -------------------
/opt/airflow/dags/elt_dag.py     74  0.01s             1           0  0.14s           2025-05-18T04:28:44
================================================================================
[2025-05-18T04:29:44.993+0000] {manager.py:887} INFO - 
================================================================================
DAG File Processing Stats

File Path                       PID  Runtime      # DAGs    # Errors  Last Runtime    Last Run
----------------------------  -----  ---------  --------  ----------  --------------  -------------------
/opt/airflow/dags/elt_dag.py     75  0.01s             1           0  0.09s           2025-05-18T04:29:14
================================================================================
[2025-05-18T04:30:15.232+0000] {manager.py:887} INFO - 
================================================================================
DAG File Processing Stats

File Path                       PID  Runtime      # DAGs    # Errors  Last Runtime    Last Run
----------------------------  -----  ---------  --------  ----------  --------------  -------------------
/opt/airflow/dags/elt_dag.py     76  0.01s             1           0  0.09s           2025-05-18T04:29:45
================================================================================
[2025-05-18T04:30:45.492+0000] {manager.py:887} INFO - 
================================================================================
DAG File Processing Stats

File Path                       PID  Runtime      # DAGs    # Errors  Last Runtime    Last Run
----------------------------  -----  ---------  --------  ----------  --------------  -------------------
/opt/airflow/dags/elt_dag.py     77  0.01s             1           0  0.14s           2025-05-18T04:30:15
================================================================================
[2025-05-18T04:31:16.004+0000] {manager.py:887} INFO - 
================================================================================
DAG File Processing Stats

File Path                       PID  Runtime      # DAGs    # Errors  Last Runtime    Last Run
----------------------------  -----  ---------  --------  ----------  --------------  -------------------
/opt/airflow/dags/elt_dag.py     78  0.01s             1           0  0.11s           2025-05-18T04:30:45
================================================================================
[2025-05-18T04:31:46.241+0000] {manager.py:887} INFO - 
================================================================================
DAG File Processing Stats

File Path                       PID  Runtime      # DAGs    # Errors  Last Runtime    Last Run
----------------------------  -----  ---------  --------  ----------  --------------  -------------------
/opt/airflow/dags/elt_dag.py     79  0.01s             1           0  0.13s           2025-05-18T04:31:16
================================================================================
[2025-05-18T04:32:16.642+0000] {manager.py:887} INFO - 
================================================================================
DAG File Processing Stats

File Path                       PID  Runtime      # DAGs    # Errors  Last Runtime    Last Run
----------------------------  -----  ---------  --------  ----------  --------------  -------------------
/opt/airflow/dags/elt_dag.py     80  0.02s             1           0  0.10s           2025-05-18T04:31:46
================================================================================
[2025-05-18T04:32:46.853+0000] {manager.py:887} INFO - 
================================================================================
DAG File Processing Stats

File Path                       PID  Runtime      # DAGs    # Errors  Last Runtime    Last Run
----------------------------  -----  ---------  --------  ----------  --------------  -------------------
/opt/airflow/dags/elt_dag.py     81  0.01s             1           0  0.13s           2025-05-18T04:32:16
================================================================================
[2025-05-18T04:33:09.104+0000] {manager.py:755} INFO - Searching for files in /opt/airflow/dags
[2025-05-18T04:33:09.109+0000] {manager.py:758} INFO - There are 1 files in /opt/airflow/dags
[2025-05-18T04:33:17.200+0000] {manager.py:887} INFO - 
================================================================================
DAG File Processing Stats

File Path                       PID  Runtime      # DAGs    # Errors  Last Runtime    Last Run
----------------------------  -----  ---------  --------  ----------  --------------  -------------------
/opt/airflow/dags/elt_dag.py     82  0.01s             1           0  0.09s           2025-05-18T04:32:46
================================================================================
[2025-05-18T04:33:47.438+0000] {manager.py:887} INFO - 
================================================================================
DAG File Processing Stats

File Path                       PID  Runtime      # DAGs    # Errors  Last Runtime    Last Run
----------------------------  -----  ---------  --------  ----------  --------------  -------------------
/opt/airflow/dags/elt_dag.py     83  0.01s             1           0  0.09s           2025-05-18T04:33:17
================================================================================
[2025-05-18T04:34:17.635+0000] {manager.py:887} INFO - 
================================================================================
DAG File Processing Stats

File Path                       PID  Runtime      # DAGs    # Errors  Last Runtime    Last Run
----------------------------  -----  ---------  --------  ----------  --------------  -------------------
/opt/airflow/dags/elt_dag.py     84  0.02s             1           0  0.10s           2025-05-18T04:33:47
================================================================================
[2025-05-18T04:34:47.934+0000] {manager.py:887} INFO - 
================================================================================
DAG File Processing Stats

File Path                       PID  Runtime      # DAGs    # Errors  Last Runtime    Last Run
----------------------------  -----  ---------  --------  ----------  --------------  -------------------
/opt/airflow/dags/elt_dag.py     85  0.03s             1           0  0.12s           2025-05-18T04:34:17
================================================================================
[2025-05-18T04:35:18.219+0000] {manager.py:887} INFO - 
================================================================================
DAG File Processing Stats

File Path                       PID  Runtime      # DAGs    # Errors  Last Runtime    Last Run
----------------------------  -----  ---------  --------  ----------  --------------  -------------------
/opt/airflow/dags/elt_dag.py     86  0.02s             1           0  0.14s           2025-05-18T04:34:48
================================================================================
[2025-05-18T04:35:48.494+0000] {manager.py:887} INFO - 
================================================================================
DAG File Processing Stats

File Path                       PID  Runtime      # DAGs    # Errors  Last Runtime    Last Run
----------------------------  -----  ---------  --------  ----------  --------------  -------------------
/opt/airflow/dags/elt_dag.py     87  0.01s             1           0  0.12s           2025-05-18T04:35:18
================================================================================
[2025-05-18T04:36:18.724+0000] {manager.py:887} INFO - 
================================================================================
DAG File Processing Stats

File Path                       PID  Runtime      # DAGs    # Errors  Last Runtime    Last Run
----------------------------  -----  ---------  --------  ----------  --------------  -------------------
/opt/airflow/dags/elt_dag.py     88  0.02s             1           0  0.12s           2025-05-18T04:35:48
================================================================================
[2025-05-18T04:36:49.016+0000] {manager.py:887} INFO - 
================================================================================
DAG File Processing Stats

File Path                       PID  Runtime      # DAGs    # Errors  Last Runtime    Last Run
----------------------------  -----  ---------  --------  ----------  --------------  -------------------
/opt/airflow/dags/elt_dag.py     89  0.01s             1           0  0.10s           2025-05-18T04:36:18
================================================================================
