[2025-05-18T04:19:17.940+0000] {taskinstance.py:1159} INFO - Dependencies all met for dep_context=non-requeueable deps ti=<TaskInstance: elt_and_dbt.run_elt_script manual__2025-05-18T04:19:15.916818+00:00 [queued]>
[2025-05-18T04:19:17.942+0000] {taskinstance.py:1159} INFO - Dependencies all met for dep_context=requeueable deps ti=<TaskInstance: elt_and_dbt.run_elt_script manual__2025-05-18T04:19:15.916818+00:00 [queued]>
[2025-05-18T04:19:17.942+0000] {taskinstance.py:1361} INFO - Starting attempt 1 of 1
[2025-05-18T04:19:17.947+0000] {taskinstance.py:1382} INFO - Executing <Task(PythonOperator): run_elt_script> on 2025-05-18 04:19:15.916818+00:00
[2025-05-18T04:19:17.949+0000] {standard_task_runner.py:57} INFO - Started process 40 to run task
[2025-05-18T04:19:17.951+0000] {standard_task_runner.py:84} INFO - Running: ['***', 'tasks', 'run', 'elt_and_dbt', 'run_elt_script', 'manual__2025-05-18T04:19:15.916818+00:00', '--job-id', '2', '--raw', '--subdir', 'DAGS_FOLDER/elt_dag.py', '--cfg-path', '/tmp/tmp5yhy_na8']
[2025-05-18T04:19:17.953+0000] {standard_task_runner.py:85} INFO - Job 2: Subtask run_elt_script
[2025-05-18T04:19:17.988+0000] {task_command.py:416} INFO - Running <TaskInstance: elt_and_dbt.run_elt_script manual__2025-05-18T04:19:15.916818+00:00 [running]> on host 02052338f34d
[2025-05-18T04:19:18.027+0000] {taskinstance.py:1662} INFO - Exporting env vars: AIRFLOW_CTX_DAG_OWNER='***' AIRFLOW_CTX_DAG_ID='elt_and_dbt' AIRFLOW_CTX_TASK_ID='run_elt_script' AIRFLOW_CTX_EXECUTION_DATE='2025-05-18T04:19:15.916818+00:00' AIRFLOW_CTX_TRY_NUMBER='1' AIRFLOW_CTX_DAG_RUN_ID='manual__2025-05-18T04:19:15.916818+00:00'
[2025-05-18T04:19:18.346+0000] {logging_mixin.py:154} INFO - --
-- PostgreSQL database dump
--
-- Dumped from database version 15.13 (Debian 15.13-1.pgdg120+1)
-- Dumped by pg_dump version 16.0 (Debian 16.0-1.pgdg110+1)
SET statement_timeout = 0;
SET
SET lock_timeout = 0;
SET
SET idle_in_transaction_session_timeout = 0;
SET
SET client_encoding = 'UTF8';
SET
SET standard_conforming_strings = on;
SET
SELECT pg_catalog.set_config('search_path', '', false);
 set_config 
------------
 
(1 row)

SET check_function_bodies = false;
SET
SET xmloption = content;
SET
SET client_min_messages = warning;
SET
SET row_security = off;
SET
ALTER TABLE IF EXISTS ONLY public.film_category DROP CONSTRAINT IF EXISTS film_category_film_id_fkey;
ALTER TABLE
ALTER TABLE IF EXISTS ONLY public.film_actors DROP CONSTRAINT IF EXISTS film_actors_film_id_fkey;
ALTER TABLE
ALTER TABLE IF EXISTS ONLY public.film_actors DROP CONSTRAINT IF EXISTS film_actors_actor_id_fkey;
ALTER TABLE
ALTER TABLE IF EXISTS ONLY public.users DROP CONSTRAINT IF EXISTS users_pkey;
ALTER TABLE
ALTER TABLE IF EXISTS ONLY public.films DROP CONSTRAINT IF EXISTS films_pkey;
ALTER TABLE
ALTER TABLE IF EXISTS ONLY public.film_category DROP CONSTRAINT IF EXISTS film_category_pkey;
ALTER TABLE
ALTER TABLE IF EXISTS ONLY public.film_actors DROP CONSTRAINT IF EXISTS film_actors_pkey;
ALTER TABLE
ALTER TABLE IF EXISTS ONLY public.actors DROP CONSTRAINT IF EXISTS actors_pkey;
ALTER TABLE
ALTER TABLE IF EXISTS public.users ALTER COLUMN id DROP DEFAULT;
ALTER TABLE
ALTER TABLE IF EXISTS public.films ALTER COLUMN film_id DROP DEFAULT;
ALTER TABLE
ALTER TABLE IF EXISTS public.film_category ALTER COLUMN category_id DROP DEFAULT;
ALTER TABLE
ALTER TABLE IF EXISTS public.actors ALTER COLUMN actor_id DROP DEFAULT;
ALTER TABLE
DROP SEQUENCE IF EXISTS public.users_id_seq;
DROP SEQUENCE
DROP TABLE IF EXISTS public.users;
DROP TABLE
DROP SEQUENCE IF EXISTS public.films_film_id_seq;
DROP SEQUENCE
DROP TABLE IF EXISTS public.films;
DROP TABLE
DROP SEQUENCE IF EXISTS public.film_category_category_id_seq;
DROP SEQUENCE
DROP TABLE IF EXISTS public.film_category;
DROP TABLE
DROP TABLE IF EXISTS public.film_actors;
DROP TABLE
DROP SEQUENCE IF EXISTS public.actors_actor_id_seq;
DROP SEQUENCE
DROP TABLE IF EXISTS public.actors;
DROP TABLE
SET default_tablespace = '';
SET
SET default_table_access_method = heap;
SET
--
-- Name: actors; Type: TABLE; Schema: public; Owner: postgres
--
CREATE TABLE public.actors (
    actor_id integer NOT NULL,
    actor_name character varying(255) NOT NULL
);
CREATE TABLE
ALTER TABLE public.actors OWNER TO postgres;
ALTER TABLE
--
-- Name: actors_actor_id_seq; Type: SEQUENCE; Schema: public; Owner: postgres
--
CREATE SEQUENCE public.actors_actor_id_seq
    AS integer
    START WITH 1
    INCREMENT BY 1
    NO MINVALUE
    NO MAXVALUE
    CACHE 1;
CREATE SEQUENCE
ALTER SEQUENCE public.actors_actor_id_seq OWNER TO postgres;
ALTER SEQUENCE
--
-- Name: actors_actor_id_seq; Type: SEQUENCE OWNED BY; Schema: public; Owner: postgres
--
ALTER SEQUENCE public.actors_actor_id_seq OWNED BY public.actors.actor_id;
ALTER SEQUENCE
--
-- Name: film_actors; Type: TABLE; Schema: public; Owner: postgres
--
CREATE TABLE public.film_actors (
    film_id integer NOT NULL,
    actor_id integer NOT NULL
);
CREATE TABLE
ALTER TABLE public.film_actors OWNER TO postgres;
ALTER TABLE
--
-- Name: film_category; Type: TABLE; Schema: public; Owner: postgres
--
CREATE TABLE public.film_category (
    category_id integer NOT NULL,
    film_id integer,
    category_name character varying(50) NOT NULL
);
CREATE TABLE
ALTER TABLE public.film_category OWNER TO postgres;
ALTER TABLE
--
-- Name: film_category_category_id_seq; Type: SEQUENCE; Schema: public; Owner: postgres
--
CREATE SEQUENCE public.film_category_category_id_seq
    AS integer
    START WITH 1
    INCREMENT BY 1
    NO MINVALUE
    NO MAXVALUE
    CACHE 1;
CREATE SEQUENCE
ALTER SEQUENCE public.film_category_category_id_seq OWNER TO postgres;
ALTER SEQUENCE
--
-- Name: film_category_category_id_seq; Type: SEQUENCE OWNED BY; Schema: public; Owner: postgres
--
ALTER SEQUENCE public.film_category_category_id_seq OWNED BY public.film_category.category_id;
ALTER SEQUENCE
--
-- Name: films; Type: TABLE; Schema: public; Owner: postgres
--
CREATE TABLE public.films (
    film_id integer NOT NULL,
    title character varying(255) NOT NULL,
    release_date date,
    price numeric(5,2),
    rating character varying(10),
    user_rating numeric(2,1),
    CONSTRAINT films_user_rating_check CHECK (((user_rating >= (1)::numeric) AND (user_rating <= (5)::numeric)))
);
CREATE TABLE
ALTER TABLE public.films OWNER TO postgres;
ALTER TABLE
--
-- Name: films_film_id_seq; Type: SEQUENCE; Schema: public; Owner: postgres
--
CREATE SEQUENCE public.films_film_id_seq
    AS integer
    START WITH 1
    INCREMENT BY 1
    NO MINVALUE
    NO MAXVALUE
    CACHE 1;
CREATE SEQUENCE
ALTER SEQUENCE public.films_film_id_seq OWNER TO postgres;
ALTER SEQUENCE
--
-- Name: films_film_id_seq; Type: SEQUENCE OWNED BY; Schema: public; Owner: postgres
--
ALTER SEQUENCE public.films_film_id_seq OWNED BY public.films.film_id;
ALTER SEQUENCE
--
-- Name: users; Type: TABLE; Schema: public; Owner: postgres
--
CREATE TABLE public.users (
    id integer NOT NULL,
    first_name character varying(50),
    last_name character varying(50),
    email character varying(100),
    date_of_birth date
);
CREATE TABLE
ALTER TABLE public.users OWNER TO postgres;
ALTER TABLE
--
-- Name: users_id_seq; Type: SEQUENCE; Schema: public; Owner: postgres
--
CREATE SEQUENCE public.users_id_seq
    AS integer
    START WITH 1
    INCREMENT BY 1
    NO MINVALUE
    NO MAXVALUE
    CACHE 1;
CREATE SEQUENCE
ALTER SEQUENCE public.users_id_seq OWNER TO postgres;
ALTER SEQUENCE
--
-- Name: users_id_seq; Type: SEQUENCE OWNED BY; Schema: public; Owner: postgres
--
ALTER SEQUENCE public.users_id_seq OWNED BY public.users.id;
ALTER SEQUENCE
--
-- Name: actors actor_id; Type: DEFAULT; Schema: public; Owner: postgres
--
ALTER TABLE ONLY public.actors ALTER COLUMN actor_id SET DEFAULT nextval('public.actors_actor_id_seq'::regclass);
ALTER TABLE
--
-- Name: film_category category_id; Type: DEFAULT; Schema: public; Owner: postgres
--
ALTER TABLE ONLY public.film_category ALTER COLUMN category_id SET DEFAULT nextval('public.film_category_category_id_seq'::regclass);
ALTER TABLE
--
-- Name: films film_id; Type: DEFAULT; Schema: public; Owner: postgres
--
ALTER TABLE ONLY public.films ALTER COLUMN film_id SET DEFAULT nextval('public.films_film_id_seq'::regclass);
ALTER TABLE
--
-- Name: users id; Type: DEFAULT; Schema: public; Owner: postgres
--
ALTER TABLE ONLY public.users ALTER COLUMN id SET DEFAULT nextval('public.users_id_seq'::regclass);
ALTER TABLE
--
-- Data for Name: actors; Type: TABLE DATA; Schema: public; Owner: postgres
--
COPY public.actors (actor_id, actor_name) FROM stdin;
COPY 20
--
-- Data for Name: film_actors; Type: TABLE DATA; Schema: public; Owner: postgres
--
COPY public.film_actors (film_id, actor_id) FROM stdin;
COPY 20
--
-- Data for Name: film_category; Type: TABLE DATA; Schema: public; Owner: postgres
--
COPY public.film_category (category_id, film_id, category_name) FROM stdin;
COPY 39
--
-- Data for Name: films; Type: TABLE DATA; Schema: public; Owner: postgres
--
COPY public.films (film_id, title, release_date, price, rating, user_rating) FROM stdin;
COPY 20
--
-- Data for Name: users; Type: TABLE DATA; Schema: public; Owner: postgres
--
COPY public.users (id, first_name, last_name, email, date_of_birth) FROM stdin;
COPY 14
--
-- Name: actors_actor_id_seq; Type: SEQUENCE SET; Schema: public; Owner: postgres
--
SELECT pg_catalog.setval('public.actors_actor_id_seq', 20, true);
 setval 
--------
     20
(1 row)

--
-- Name: film_category_category_id_seq; Type: SEQUENCE SET; Schema: public; Owner: postgres
--
SELECT pg_catalog.setval('public.film_category_category_id_seq', 39, true);
 setval 
--------
     39
(1 row)

--
-- Name: films_film_id_seq; Type: SEQUENCE SET; Schema: public; Owner: postgres
--
SELECT pg_catalog.setval('public.films_film_id_seq', 20, true);
 setval 
--------
     20
(1 row)

--
-- Name: users_id_seq; Type: SEQUENCE SET; Schema: public; Owner: postgres
--
SELECT pg_catalog.setval('public.users_id_seq', 14, true);
 setval 
--------
     14
(1 row)

--
-- Name: actors actors_pkey; Type: CONSTRAINT; Schema: public; Owner: postgres
--
ALTER TABLE ONLY public.actors
    ADD CONSTRAINT actors_pkey PRIMARY KEY (actor_id);
ALTER TABLE
--
-- Name: film_actors film_actors_pkey; Type: CONSTRAINT; Schema: public; Owner: postgres
--
ALTER TABLE ONLY public.film_actors
    ADD CONSTRAINT film_actors_pkey PRIMARY KEY (film_id, actor_id);
ALTER TABLE
--
-- Name: film_category film_category_pkey; Type: CONSTRAINT; Schema: public; Owner: postgres
--
ALTER TABLE ONLY public.film_category
    ADD CONSTRAINT film_category_pkey PRIMARY KEY (category_id);
ALTER TABLE
--
-- Name: films films_pkey; Type: CONSTRAINT; Schema: public; Owner: postgres
--
ALTER TABLE ONLY public.films
    ADD CONSTRAINT films_pkey PRIMARY KEY (film_id);
ALTER TABLE
--
-- Name: users users_pkey; Type: CONSTRAINT; Schema: public; Owner: postgres
--
ALTER TABLE ONLY public.users
    ADD CONSTRAINT users_pkey PRIMARY KEY (id);
ALTER TABLE
--
-- Name: film_actors film_actors_actor_id_fkey; Type: FK CONSTRAINT; Schema: public; Owner: postgres
--
ALTER TABLE ONLY public.film_actors
    ADD CONSTRAINT film_actors_actor_id_fkey FOREIGN KEY (actor_id) REFERENCES public.actors(actor_id);
ALTER TABLE
--
-- Name: film_actors film_actors_film_id_fkey; Type: FK CONSTRAINT; Schema: public; Owner: postgres
--
ALTER TABLE ONLY public.film_actors
    ADD CONSTRAINT film_actors_film_id_fkey FOREIGN KEY (film_id) REFERENCES public.films(film_id);
ALTER TABLE
--
-- Name: film_category film_category_film_id_fkey; Type: FK CONSTRAINT; Schema: public; Owner: postgres
--
ALTER TABLE ONLY public.film_category
    ADD CONSTRAINT film_category_film_id_fkey FOREIGN KEY (film_id) REFERENCES public.films(film_id);
ALTER TABLE
--
-- PostgreSQL database dump complete
--
Successfully connected to Postgres
Starting ELT Script...
Ending ELT Script...
[2025-05-18T04:19:18.346+0000] {python.py:194} INFO - Done. Returned value was: None
[2025-05-18T04:19:18.352+0000] {taskinstance.py:1400} INFO - Marking task as SUCCESS. dag_id=elt_and_dbt, task_id=run_elt_script, execution_date=20250518T041915, start_date=20250518T041917, end_date=20250518T041918
[2025-05-18T04:19:18.394+0000] {local_task_job_runner.py:228} INFO - Task exited with return code 0
[2025-05-18T04:19:18.404+0000] {taskinstance.py:2778} INFO - 1 downstream tasks scheduled from follow-on schedule check
